2023-02-23 11:11:54,053 -INFO -wesApi.py -Line:327 -Message:调用者传入容器规格参数:90034593,sku参数为：None
2023-02-23 11:11:54,053 -INFO -wesApi.py -Line:329 -Message:调用者传入容器规格参数:90034593
2023-02-23 11:11:54,053 -INFO -wesApi.py -Line:56 -Message:sku为：202302231111
2023-02-23 11:11:54,293 -INFO -wesApi.py -Line:374 -Message:批次早入库托盘A1为：90000693
2023-02-23 11:12:28,784 -INFO -wesApi.py -Line:420 -Message:生产日期早入库托盘A2为：90000936
2023-02-23 11:12:57,914 -INFO -wesApi.py -Line:428 -Message:入库托盘A3为：90000923
2023-02-23 11:13:40,574 -INFO -wesApi.py -Line:436 -Message:入库托盘A4为：9000058
2023-02-23 11:14:16,734 -INFO -wesApi.py -Line:480 -Message:批次晚入库托盘A5为：90000877
2023-02-23 11:15:06,944 -INFO -wesApi.py -Line:526 -Message:生成日期晚入库托盘A6为：90000172
2023-02-23 11:31:11,307 -INFO -wesApi.py -Line:327 -Message:调用者传入容器规格参数:900345498,sku参数为：None
2023-02-23 11:31:11,308 -INFO -wesApi.py -Line:329 -Message:调用者传入容器规格参数:900345498
2023-02-23 11:31:11,309 -INFO -wesApi.py -Line:56 -Message:sku为：202302231131
2023-02-23 11:31:11,933 -INFO -wesApi.py -Line:374 -Message:批次早入库托盘A1为：900008
2023-02-23 11:31:45,061 -INFO -wesApi.py -Line:420 -Message:生产日期早入库托盘A2为：90000623
2023-02-23 11:32:08,351 -INFO -wesApi.py -Line:428 -Message:入库托盘A3为：90000861
2023-02-23 11:32:47,036 -INFO -wesApi.py -Line:436 -Message:入库托盘A4为：90000103
2023-02-23 11:33:24,476 -INFO -wesApi.py -Line:480 -Message:批次晚入库托盘A5为：90000133
2023-02-23 11:34:01,743 -INFO -wesApi.py -Line:526 -Message:生成日期晚入库托盘A6为：90000201
2023-02-23 14:45:59,192 -INFO -wesApi.py -Line:327 -Message:调用者传入容器规格参数:900345498,sku参数为：None
2023-02-23 14:45:59,192 -INFO -wesApi.py -Line:329 -Message:调用者传入容器规格参数:900345498
2023-02-23 14:45:59,192 -INFO -wesApi.py -Line:56 -Message:sku为：202302231445
2023-02-23 14:46:00,446 -INFO -wesApi.py -Line:375 -Message:批次早入库托盘A1为：90000376
2023-02-23 14:46:38,195 -INFO -wesApi.py -Line:421 -Message:生产日期早入库托盘A2为：90000977
2023-02-23 14:47:08,379 -INFO -wesApi.py -Line:429 -Message:入库托盘A3为：90000421
2023-02-23 14:47:51,023 -INFO -wesApi.py -Line:481 -Message:生成日期晚入库托盘A4为：90000477
2023-02-23 14:48:17,005 -INFO -wesApi.py -Line:525 -Message:批次晚入库托盘A5为：9000022
2023-02-23 14:49:10,033 -INFO -wesApi.py -Line:571 -Message:生成日期晚入库托盘A6为：90000209
2023-02-23 15:46:50,239 -INFO -wesApi.py -Line:327 -Message:调用者传入容器规格参数:900345498,sku参数为：None
2023-02-23 15:46:50,239 -INFO -wesApi.py -Line:329 -Message:调用者传入容器规格参数:900345498
2023-02-23 15:46:50,239 -INFO -wesApi.py -Line:56 -Message:sku为：202302231546
2023-02-23 15:46:51,484 -INFO -wesApi.py -Line:375 -Message:批次早入库托盘A1为：90000438
2023-02-23 15:47:10,817 -INFO -wesApi.py -Line:421 -Message:生产日期早入库托盘A2为：90000921
2023-02-23 15:47:38,926 -INFO -wesApi.py -Line:429 -Message:入库托盘A3为：90000189
2023-02-23 15:48:23,332 -INFO -wesApi.py -Line:481 -Message:生成日期晚入库托盘A4为：90000445
2023-02-23 15:49:18,814 -INFO -wesApi.py -Line:525 -Message:批次晚入库托盘A5为：90000757
2023-02-23 15:49:47,403 -INFO -wesApi.py -Line:571 -Message:生成日期晚入库托盘A6为：90000664
2023-02-23 16:23:13,610 -INFO -wesApi.py -Line:327 -Message:调用者传入容器规格参数:900345498,sku参数为：None
2023-02-23 16:23:13,610 -INFO -wesApi.py -Line:329 -Message:调用者传入容器规格参数:900345498
2023-02-23 16:23:13,610 -INFO -wesApi.py -Line:56 -Message:sku为：202302231623
2023-02-23 16:23:14,860 -INFO -wesApi.py -Line:375 -Message:批次早入库托盘A1为：90000129
2023-02-23 16:24:45,520 -INFO -wesApi.py -Line:421 -Message:生产日期早入库托盘A2为：90000450
2023-02-23 16:25:33,442 -INFO -wesApi.py -Line:429 -Message:入库托盘A3为：90000479
2023-02-23 16:25:57,636 -INFO -wesApi.py -Line:481 -Message:生成日期晚入库托盘A4为：90000838
2023-02-23 16:26:51,570 -INFO -wesApi.py -Line:525 -Message:批次晚入库托盘A5为：9000023
2023-02-23 16:27:21,932 -INFO -wesApi.py -Line:571 -Message:生成日期晚入库托盘A6为：90000618
2023-02-23 16:56:45,815 -INFO -wesApi.py -Line:327 -Message:调用者传入容器规格参数:900345498,sku参数为：None
2023-02-23 16:56:45,815 -INFO -wesApi.py -Line:329 -Message:调用者传入容器规格参数:900345498
2023-02-23 16:56:45,815 -INFO -wesApi.py -Line:56 -Message:sku为：202302231656
2023-02-23 16:56:47,565 -INFO -wesApi.py -Line:375 -Message:批次早入库托盘A1为：90000113
2023-02-23 17:10:16,546 -INFO -wesApi.py -Line:421 -Message:生产日期早入库托盘A2为：9000080
2023-02-23 17:10:59,408 -INFO -wesApi.py -Line:429 -Message:入库托盘A3为：90000607
2023-02-23 17:11:55,328 -INFO -wesApi.py -Line:481 -Message:生成日期晚入库托盘A4为：90000211
2023-02-23 17:12:49,510 -INFO -wesApi.py -Line:525 -Message:批次晚入库托盘A5为：90000321
2023-02-23 17:13:43,591 -INFO -wesApi.py -Line:571 -Message:生成日期晚入库托盘A6为：90000925
2023-02-23 17:55:51,988 -INFO -wesApi.py -Line:331 -Message:调用者传入容器规格参数:90034593,sku参数为：None
2023-02-23 17:55:51,992 -INFO -wesApi.py -Line:333 -Message:调用者传入容器规格参数:90034593
2023-02-23 17:55:51,992 -INFO -wesApi.py -Line:56 -Message:sku为：202302231755


2023-02-23 17:55:53,328 -INFO -wesApi.py -Line:380 -Message:批次早入库托盘A1为：90000408
2023-02-23 17:56:13,563 -INFO -wesApi.py -Line:427 -Message:生产日期早入库托盘A2为：90000845
2023-02-23 17:56:44,053 -INFO -wesApi.py -Line:435 -Message:入库托盘A3为：90000984
2023-02-23 17:57:33,883 -INFO -wesApi.py -Line:481 -Message:生成日期晚入库托盘A4为：90000545
2023-02-23 17:58:13,013 -INFO -wesApi.py -Line:526 -Message:批次晚入库托盘A5为：9000067
2023-02-23 17:58:50,196 -INFO -wesApi.py -Line:573 -Message:生成日期晚入库托盘A6为：90000278
2023-02-23 17:59:29,963 -INFO -wesApi.py -Line:581 -Message:入库托盘A7为：90000868
