
2023-02-24 10:11:07,872 -INFO -wesApi.py -Line:331 -Message:调用者传入容器规格参数:90034593,sku参数为：None
2023-02-24 10:11:07,872 -INFO -wesApi.py -Line:333 -Message:调用者传入容器规格参数:90034593
2023-02-24 10:11:07,872 -INFO -wesApi.py -Line:56 -Message:sku为：202302241011
2023-02-24 10:11:09,092 -INFO -wesApi.py -Line:381 -Message:批次早入库托盘A1为：90000164
2023-02-24 10:12:06,700 -INFO -wesApi.py -Line:430 -Message:生产日期早入库托盘A2为：90000354
2023-02-24 10:12:49,126 -INFO -wesApi.py -Line:439 -Message:入库托盘A3为：90000880
2023-02-24 10:13:35,660 -INFO -wesApi.py -Line:488 -Message:生成日期晚入库托盘A4为：90000924
2023-02-24 10:14:35,220 -INFO -wesApi.py -Line:534 -Message:批次晚入库托盘A5为：90000107
2023-02-24 10:15:18,130 -INFO -wesApi.py -Line:583 -Message:生成日期晚入库托盘A6为：90000636
2023-02-24 10:16:08,192 -INFO -wesApi.py -Line:592 -Message:入库托盘A7为：90000587
2023-02-24 10:29:27,861 -INFO -wesApi.py -Line:331 -Message:调用者传入容器规格参数:900345217,sku参数为：None
2023-02-24 10:29:27,862 -INFO -wesApi.py -Line:333 -Message:调用者传入容器规格参数:900345217
2023-02-24 10:29:27,862 -INFO -wesApi.py -Line:56 -Message:sku为：202302241029
2023-02-24 10:29:29,118 -INFO -wesApi.py -Line:381 -Message:批次早入库托盘A1为：9000093
2023-02-24 10:29:57,533 -INFO -wesApi.py -Line:430 -Message:生产日期早入库托盘A2为：90000920
2023-02-24 10:30:49,475 -INFO -wesApi.py -Line:439 -Message:入库托盘A3为：90000618
2023-02-24 10:31:13,522 -INFO -wesApi.py -Line:487 -Message:生成日期晚入库托盘A4为：90000446
2023-02-24 10:32:09,300 -INFO -wesApi.py -Line:533 -Message:批次晚入库托盘A5为：90000784
2023-02-24 10:32:30,974 -INFO -wesApi.py -Line:582 -Message:生成日期晚入库托盘A6为：90000757
2023-02-24 10:33:12,930 -INFO -wesApi.py -Line:591 -Message:入库托盘A7为：90000628
2023-02-24 10:51:00,899 -INFO -wesApi.py -Line:331 -Message:调用者传入容器规格参数:900345217,sku参数为：None
2023-02-24 10:51:00,900 -INFO -wesApi.py -Line:333 -Message:调用者传入容器规格参数:900345217
2023-02-24 10:51:00,901 -INFO -wesApi.py -Line:56 -Message:sku为：202302241051
2023-02-24 10:51:02,123 -INFO -wesApi.py -Line:381 -Message:批次早入库托盘A1为：90000128
2023-02-24 10:51:24,985 -INFO -wesApi.py -Line:430 -Message:生产日期早入库托盘A2为：90000932
2023-02-24 10:51:55,233 -INFO -wesApi.py -Line:439 -Message:入库托盘A3为：90000577
2023-02-24 10:52:38,563 -INFO -wesApi.py -Line:487 -Message:生成日期晚入库托盘A4为：9000046
2023-02-24 10:53:40,646 -INFO -wesApi.py -Line:533 -Message:批次晚入库托盘A5为：90000257
2023-02-24 10:54:38,816 -INFO -wesApi.py -Line:582 -Message:生成日期晚入库托盘A6为：90000798
2023-02-24 10:55:32,760 -INFO -wesApi.py -Line:591 -Message:入库托盘A7为：90000667
2023-02-24 11:15:13,574 -INFO -wesApi.py -Line:331 -Message:调用者传入容器规格参数:900345217,sku参数为：None
2023-02-24 11:15:13,589 -INFO -wesApi.py -Line:333 -Message:调用者传入容器规格参数:900345217
2023-02-24 11:15:13,589 -INFO -wesApi.py -Line:56 -Message:sku为：202302241115
2023-02-24 11:15:14,822 -INFO -wesApi.py -Line:381 -Message:批次早入库托盘A1为：90000763
2023-02-24 11:15:40,589 -INFO -wesApi.py -Line:430 -Message:生产日期早入库托盘A2为：90000578
2023-02-24 11:16:11,248 -INFO -wesApi.py -Line:439 -Message:入库托盘A3为：90000971
2023-02-24 11:17:01,404 -INFO -wesApi.py -Line:487 -Message:生成日期晚入库托盘A4为：90000239
2023-02-24 11:17:29,133 -INFO -wesApi.py -Line:533 -Message:批次晚入库托盘A5为：9000084
2023-02-24 11:23:27,091 -INFO -wesApi.py -Line:582 -Message:生成日期晚入库托盘A6为：90000975
2023-02-24 11:24:20,410 -INFO -wesApi.py -Line:591 -Message:入库托盘A7为：9000053
2023-02-24 11:36:34,599 -INFO -wesApi.py -Line:331 -Message:调用者传入容器规格参数:900345217,sku参数为：None
2023-02-24 11:36:34,609 -INFO -wesApi.py -Line:333 -Message:调用者传入容器规格参数:900345217
2023-02-24 11:36:34,609 -INFO -wesApi.py -Line:56 -Message:sku为：202302241136
2023-02-24 11:36:35,869 -INFO -wesApi.py -Line:381 -Message:批次早入库托盘A1为：9000085
2023-02-24 11:37:19,170 -INFO -wesApi.py -Line:430 -Message:生产日期早入库托盘A2为：90000579
2023-02-24 11:37:43,379 -INFO -wesApi.py -Line:439 -Message:入库托盘A3为：90000685
2023-02-24 11:38:37,949 -INFO -wesApi.py -Line:487 -Message:生成日期晚入库托盘A4为：90000560
2023-02-24 11:39:31,860 -INFO -wesApi.py -Line:533 -Message:批次晚入库托盘A5为：90000881
2023-02-24 11:40:10,992 -INFO -wesApi.py -Line:582 -Message:生成日期晚入库托盘A6为：90000297
2023-02-24 11:40:45,020 -INFO -wesApi.py -Line:591 -Message:入库托盘A7为：90000696
2023-02-24 14:23:52,661 -INFO -wesApi.py -Line:331 -Message:调用者传入容器规格参数:900345217,sku参数为：None
2023-02-24 14:23:52,676 -INFO -wesApi.py -Line:333 -Message:调用者传入容器规格参数:900345217
2023-02-24 14:23:52,676 -INFO -wesApi.py -Line:56 -Message:sku为：202302241423
2023-02-24 14:23:53,864 -INFO -wesApi.py -Line:381 -Message:批次早入库托盘A1为：90000271
2023-02-24 14:24:26,120 -INFO -wesApi.py -Line:430 -Message:生产日期早入库托盘A2为：90000726
2023-02-24 14:25:01,179 -INFO -wesApi.py -Line:439 -Message:入库托盘A3为：90000189
2023-02-24 14:25:50,864 -INFO -wesApi.py -Line:487 -Message:生成日期晚入库托盘A4为：90000162
2023-02-24 14:28:32,627 -INFO -wesApi.py -Line:533 -Message:批次晚入库托盘A5为：90000253
2023-02-24 14:30:36,888 -INFO -wesApi.py -Line:582 -Message:生成日期晚入库托盘A6为：90000429
2023-02-24 14:31:41,448 -INFO -wesApi.py -Line:591 -Message:入库托盘A7为：90000756
2023-02-24 15:29:00,488 -INFO -wesApi.py -Line:331 -Message:调用者传入容器规格参数:900345217,sku参数为：None
2023-02-24 15:29:00,488 -INFO -wesApi.py -Line:333 -Message:调用者传入容器规格参数:900345217
2023-02-24 15:29:00,488 -INFO -wesApi.py -Line:56 -Message:sku为：202302241529
2023-02-24 15:29:01,749 -INFO -wesApi.py -Line:381 -Message:批次早入库托盘A1为：90000743
2023-02-24 15:29:32,077 -INFO -wesApi.py -Line:430 -Message:生产日期早入库托盘A2为：90000330
2023-02-24 15:30:01,799 -INFO -wesApi.py -Line:439 -Message:入库托盘A3为：90000924
2023-02-24 15:30:50,745 -INFO -wesApi.py -Line:487 -Message:生成日期晚入库托盘A4为：90000933
2023-02-24 15:31:26,933 -INFO -wesApi.py -Line:533 -Message:批次晚入库托盘A5为：90000697
2023-02-24 15:49:29,340 -INFO -wesApi.py -Line:582 -Message:生成日期晚入库托盘A6为：90000873
2023-02-24 15:54:20,065 -INFO -wesApi.py -Line:591 -Message:入库托盘A7为：90000883
2023-02-24 16:26:14,568 -INFO -wesApi.py -Line:331 -Message:调用者传入容器规格参数:900345217,sku参数为：None
2023-02-24 16:26:14,568 -INFO -wesApi.py -Line:333 -Message:调用者传入容器规格参数:900345217
2023-02-24 16:26:14,568 -INFO -wesApi.py -Line:56 -Message:sku为：202302241626
2023-02-24 16:26:15,772 -INFO -wesApi.py -Line:381 -Message:批次早入库托盘A1为：90000985
2023-02-24 16:26:46,842 -INFO -wesApi.py -Line:430 -Message:生产日期早入库托盘A2为：90000472
2023-02-24 16:27:17,157 -INFO -wesApi.py -Line:439 -Message:入库托盘A3为：90000449
2023-02-24 16:28:07,935 -INFO -wesApi.py -Line:487 -Message:生成日期晚入库托盘A4为：90000354
2023-02-24 16:28:41,319 -INFO -wesApi.py -Line:533 -Message:批次晚入库托盘A5为：90000375
2023-02-24 16:38:42,264 -INFO -wesApi.py -Line:582 -Message:生成日期晚入库托盘A6为：90000717
